G4BL_DIR=/home/incik/G4beamline-3.08
G4LEDATA=/home/incik/Geant4Data/G4EMLOW8.0
G4ENSDFSTATEDATA=/home/incik/Geant4Data/G4ENSDFSTATE2.3
G4PARTICLEXSDATA=/home/incik/Geant4Data/G4PARTICLEXS4.0
G4LEVELGAMMADATA=/home/incik/Geant4Data/PhotonEvaporation5.7
G4RADIOACTIVEDATA=/home/incik/Geant4Data/RadioactiveDecay5.6
G4beamline Process ID 28307

*************************************************************
 g4beamline version: 3.08                        (Aug 11 2022)
                      Copyright : Tom Roberts, Muons, Inc.
                        License : Gnu Public License
                            WWW : http://g4beamline.muonsinc.com

          ################################
          !!! G4Backtrace is activated !!!
          ################################


**************************************************************
 Geant4 version Name: geant4-11-00-patch-02 [MT]   (25-May-2022)
                       Copyright : Geant4 Collaboration
                      References : NIM A 506 (2003), 250-303
                                 : IEEE-TNS 53 (2006), 270-278
                                 : NIM A 835 (2016), 186-225
                             WWW : http://geant4.org/
**************************************************************

param        viewer        best,1
geometry                   nPoints=100 printGeometry=0 visual=0
                           tolerance=0.002
trace                      nTrace=1 format=asciiTrace oneNTuple=0
                           primaryOnly=0 traceTune=1 filename=Ev%dTrk%d
                           file=Ev%dTrk%d require= coordinates=Centerline
g4ui                       when=4
G4PhysListFactory::GetReferencePhysList <QGSP_BIC>  EMoption= 0
<<< Geant4 Physics List simulation engine: QGSP_BIC


physics      QGSP_BIC      disable= inactivate= deactivate= doStochastics=1
                           fluct=1 minRangeCut=1 list=0 gammaToMuPair=0
                           spinTracking=0 synchrotronRadiation=0
                           synchrotronRadiationMuon=0 maxTime=1e+06
trackcuts                  kill= keep=pi+,mu+,kaon+ killSecondaries=0
                           kineticEnergyCut=1 kineticEnergyMax=1.798e+308
                           maxTime=1e+06 keepPrimaries=0 steppingVerbose=0
particlecolor              mu+=1,0,0
particlecolor              reference=1,1,1
param        pi            3.141592654
param        degrad        0.017453293
param        refX          -7
param        refY          -23.75
param        frfcool       0.325
param        Vrfcool       19.0
param        ficool        41
param        cavLEN        248
param        abshalfangle  60
param        absoffset     86.0
param        absLEN        960
param        absRAD        280
param        abshgt        280
param        abswidth      280
param        coiltilt      0.9
param        J1            69.80
param        J2            -69.8
param        cellNUMBER    1
param        ci            0
param        apertr        280
param        cellLEN       2750
param        channelLEN    3437.5
param        refX          -7  (already defined)
param        refY          -23.75  (already defined)
param        nEvents       2000
param        beamin        for003Stg01G4BL.txt
param        refP          203.0
reference                  particle=mu+ beamX=0 beamY=0 beamZ=-3438 beamT=0
                           rotation= referenceMomentum=203 beamXp=0 beamYp=0
                           meanMomentum=203 meanXp=0 meanYp=0 tuneZ=-3.7e+21
                           tuneMomentum=-3.7e+21 tolerance=0.001 noEfield=1
                           noBfield=0 noEloss=1 P=203
beam    ASCII   nEvents=2000 firstEvent=-1 lastEvent=2147483647 beamZ=-3437.5 maxR=1000000.0 renumber=0 weight=1.000000 
		filename=for003Stg01G4BL.txt format=BLTrackFile 
		
trackcuts                  kill= keep= killSecondaries=1 kineticEnergyCut=0
                           kineticEnergyMax=1.798e+308 maxTime=1e+06
                           keepPrimaries=0 steppingVerbose=0
param        i             1
coil    CoolCoil1 innerRadius=770.0 outerRadius=920.0 length=500.0 material=Cu 
		tolerance=0.002 nSheets=0 
		maxR=0.0 maxZ=0.0 dR=0.0 dZ=0.0 filename=CoolCoil1.dat 
coilmap CoolCoil1 tolerance=0.00200 [fraction of Bz(r=0,z=0)]
coilmap CoolCoil1 read file 'CoolCoil1.dat'  dR=22.1 dZ=22.1
solenoid     CoolSol1      coilName=CoolCoil1 current=69.8 color=1,1,0
                           alternate=0 kill=1 coil=CoolCoil1
coil    CoolCoil2 innerRadius=770.0 outerRadius=920.0 length=500.0 material=Cu 
		tolerance=0.002 nSheets=0 
		maxR=0.0 maxZ=0.0 dR=0.0 dZ=0.0 filename=CoolCoil2.dat 
coilmap CoolCoil2 tolerance=0.00200 [fraction of Bz(r=0,z=0)]
coilmap CoolCoil2 read file 'CoolCoil2.dat'  dR=22.1 dZ=22.1
solenoid     CoolSol2      coilName=CoolCoil2 current=-69.8 color=1,1,0
                           alternate=0 kill=1 coil=CoolCoil2
pillbox      cavity        maxGradient=19 color=1.0,0.0,0.0 frequency=0.325
                           innerLength=248 innerRadius=353.1 pipeThick=3
                           wallThick=1 irisRadius=280 collarRadialThick=5
                           collarThick=0 win1Thick=0 win1OuterRadius=50
                           win2Thick=0 winMat=Be phaseAcc=41 skinDepth=0.002
                           timingTolerance=0.001 maxStep=2
                           cavityMaterial=Vacuum timeOffset=-4.7e+21
                           timeIncrement=0 fieldMapFile= kill=1
extrusion    LHextrDS      length=280 vertices=0,0;
                           -960/2,960/2/tan(60*0.017453293); -960/2,280; 0,280
                           scale1=1 scale2=1 maxStep=100 material=LH2
                           color=1,0,1 kill=0 vertexes=0,0;
                           -960/2,960/2/tan(60*0.017453293); -960/2,280; 0,280
extrusion    LHextrUS      length=280 vertices=0,0; 0,280; 960/2,280;
                           960/2,960/2/tan(60*0.017453293) scale1=1 scale2=1
                           maxStep=100 material=LH2 color=1,0,1 kill=0
                           vertexes=0,0; 0,280; 960/2,280;
                           960/2,960/2/tan(60*0.017453293)
do i=1,1,1
(do i=1)
place   CoolSol1 copies=1 x=0.0 y=0.0 z=555.0 rotation='X-0.9'
place   CoolSol2 copies=1 x=0.0 y=0.0 z=2195.0 rotation='X0.9'
place   cavity  copies=1 x=0.0 y=0.0 z=749.5 
                color=1,0,0
place   cavity  copies=1 x=0.0 y=0.0 z=999.5 
                color=1,0,0
place   cavity  copies=1 x=0.0 y=0.0 z=1249.5 
                color=1,0,0
place   cavity  copies=1 x=0.0 y=0.0 z=1499.5 
                color=1,0,0
place   cavity  copies=1 x=0.0 y=0.0 z=1749.5 
                color=1,0,0
place   cavity  copies=1 x=0.0 y=0.0 z=1999.5 
                color=1,0,0
place   LHextrDS copies=1 x=86.0 y=0.0 z=2750.0 rotation='Z90,Y00,X90'
place   LHextrUS copies=1 x=86.0 y=0.0 z=2750.0 rotation='Z90,Y00,X90'
place   LHextrDS copies=1 x=86.0 y=0.0 z=0.0 rotation='Z90,Y00,X90'
place   LHextrUS copies=1 x=86.0 y=0.0 z=0.0 rotation='Z90,Y00,X90'
enddo
zntuple                    z= zloop=-3437.5+(0.25*2750):3437.5:2750
                           noSingles=0 format=for009 file=for009singlecell
                           filename=for009singlecell
                           require=PDGid==-13||PDGid==13 referenceParticle=0
                           coordinates=c
particlefilter Filter      radius=1000 innerRadius=0 height=2000 width=2000
                           length=0.001 maxStep=100 material= color=1,1,1
                           decay= kill=mu+ keep= nWait=1 referenceWait=1
                           require= steppingVerbose=0 decays=
place   Filter  copies=1 x=0.0 y=0.0 z=3438.5 

World size (before incrementing by 201.357 mm): 2000.0 H  2000.0 W  13750.0 L

PARAMETERS:
             J1=69.80
             J2=-69.8
        Vrfcool=19.0
            Zcl=3438.5
         absLEN=960
         absRAD=280
   abshalfangle=60
         abshgt=280
      absoffset=86.0
       abswidth=280
         apertr=280
         beamin=for003Stg01G4BL.txt
         cavLEN=248
        cellLEN=2750
     cellNUMBER=1
     channelLEN=3437.5
             ci=0
       coiltilt=0.9
         degrad=0.017453293
     deltaChord=3.0
deltaIntersection=0.1
   deltaOneStep=0.01
         epsMax=0.05
         epsMin=2.5e-7
 eventTimeLimit=30
         ficool=41
    fieldVoxels=200,200,200
        frfcool=0.325
      histoFile=g4beamline
    histoUpdate=0
              i=1
        maxStep=100.0
        minStep=0.01
        nEvents=2000
             pi=3.141592654
           refP=203.0
           refX=-7
           refY=-23.75
 steppingFormat=N GLOBAL CL KE STEP VOL PROCESS
steppingVerbose=0
         viewer=best,1
 wallClockLimit=-1
  worldMaterial=Vacuum
     zTolerance=2.0
Checking overlaps for volume CoolSol1:0 (G4Tubs) ... OK! 
BLCMDsolenoid::Construct CoolSol1 parent= relZ=555.0 globZ=555.0
	global pos=0.0,0.0,555.0  Checking overlaps for volume CoolSol2:0 (G4Tubs) ... OK! 
BLCMDsolenoid::Construct CoolSol2 parent= relZ=2195.0 globZ=2195.0
	global pos=0.0,0.0,2195.0  Checking overlaps for volume cavityPipe:0 (G4Tubs) ... OK! 
Checking overlaps for volume cavityUsWall:0 (G4Tubs) ... OK! 
Checking overlaps for volume cavityDsWall:0 (G4Tubs) ... OK! 
Checking overlaps for volume cavityDsHalf:0 (G4Tubs) ... OK! 
Checking overlaps for volume cavityTimingVol:0 (G4Tubs) ... OK! 
Checking overlaps for volume cavity:0 (G4Tubs) ... OK! 
BLCMDpillbox::construct cavity parent= relZ=749.5 globZ=749.5
	zmin=624.5 zmax=874.5
Checking overlaps for volume cavityPipe:0 (G4Tubs) ... OK! 
Checking overlaps for volume cavityUsWall:0 (G4Tubs) ... OK! 
Checking overlaps for volume cavityDsWall:0 (G4Tubs) ... OK! 
Checking overlaps for volume cavityDsHalf:0 (G4Tubs) ... OK! 
Checking overlaps for volume cavityTimingVol:0 (G4Tubs) ... OK! 
Checking overlaps for volume cavity:0 (G4Tubs) ... OK! 
BLCMDpillbox::construct cavity parent= relZ=999.5 globZ=999.5
	zmin=874.5 zmax=1124.5
Checking overlaps for volume cavityPipe:0 (G4Tubs) ... OK! 
Checking overlaps for volume cavityUsWall:0 (G4Tubs) ... OK! 
Checking overlaps for volume cavityDsWall:0 (G4Tubs) ... OK! 
Checking overlaps for volume cavityDsHalf:0 (G4Tubs) ... OK! 
Checking overlaps for volume cavityTimingVol:0 (G4Tubs) ... OK! 
Checking overlaps for volume cavity:0 (G4Tubs) ... OK! 
BLCMDpillbox::construct cavity parent= relZ=1249.5 globZ=1249.5
	zmin=1124.5 zmax=1374.5
Checking overlaps for volume cavityPipe:0 (G4Tubs) ... OK! 
Checking overlaps for volume cavityUsWall:0 (G4Tubs) ... OK! 
Checking overlaps for volume cavityDsWall:0 (G4Tubs) ... OK! 
Checking overlaps for volume cavityDsHalf:0 (G4Tubs) ... OK! 
Checking overlaps for volume cavityTimingVol:0 (G4Tubs) ... OK! 
Checking overlaps for volume cavity:0 (G4Tubs) ... OK! 
BLCMDpillbox::construct cavity parent= relZ=1499.5 globZ=1499.5
	zmin=1374.5 zmax=1624.5
Checking overlaps for volume cavityPipe:0 (G4Tubs) ... OK! 
Checking overlaps for volume cavityUsWall:0 (G4Tubs) ... OK! 
Checking overlaps for volume cavityDsWall:0 (G4Tubs) ... OK! 
Checking overlaps for volume cavityDsHalf:0 (G4Tubs) ... OK! 
Checking overlaps for volume cavityTimingVol:0 (G4Tubs) ... OK! 
Checking overlaps for volume cavity:0 (G4Tubs) ... OK! 
BLCMDpillbox::construct cavity parent= relZ=1749.5 globZ=1749.5
	zmin=1624.5 zmax=1874.5
Checking overlaps for volume cavityPipe:0 (G4Tubs) ... OK! 
Checking overlaps for volume cavityUsWall:0 (G4Tubs) ... OK! 
Checking overlaps for volume cavityDsWall:0 (G4Tubs) ... OK! 
Checking overlaps for volume cavityDsHalf:0 (G4Tubs) ... OK! 
Checking overlaps for volume cavityTimingVol:0 (G4Tubs) ... OK! 
Checking overlaps for volume cavity:0 (G4Tubs) ... OK! 
BLCMDpillbox::construct cavity parent= relZ=1999.5 globZ=1999.5
	zmin=1874.5 zmax=2124.5
Checking overlaps for volume LHextrDS:0 (G4ExtrudedSolid) ... OK! 
BLCMDextrusion::Construct LHextrDS parent= relZ=2750.0 globZ=2750.0
	zmin=2610.0 zmax=2890.0 kill=0
Checking overlaps for volume LHextrUS:0 (G4ExtrudedSolid) ... OK! 
BLCMDextrusion::Construct LHextrUS parent= relZ=2750.0 globZ=2750.0
	zmin=2610.0 zmax=2890.0 kill=0
Checking overlaps for volume LHextrDS:0 (G4ExtrudedSolid) ... OK! 
BLCMDextrusion::Construct LHextrDS parent= relZ=0.0 globZ=0.0
	zmin=-140.0 zmax=140.0 kill=0
Checking overlaps for volume LHextrUS:0 (G4ExtrudedSolid) ... OK! 
BLCMDextrusion::Construct LHextrUS parent= relZ=0.0 globZ=0.0
	zmin=-140.0 zmax=140.0 kill=0
Checking overlaps for volume Filter:0 (G4Tubs) ... OK! 
BLCMDparticlefilter::Construct Filter parent=
### Adding tracking cuts for neutron  TimeCut(ns)= 10000  KinEnergyCut(MeV)= 0

Geometry test nPoints=100 tolerance=0.002 mm:
Testing geometry for children of group 'World':
Total geometry errors = 0  0 seconds

================= Prepare Tune Particle(s) ===========
================= Begin Tune Particle(s) =============
**************************************************************************
*** G4Exception: EM Field Extends Outside World
***    severity: Warning
***   issued by: BLGlobalField
*** description: May give inaccurate tracking near world boundary.
***     EventID: -2     TrackID: 1   mu+  KE=123.2 MeV
**************************************************************************
fieldVoxels: nx=14 ny=14 nz=72, 14112 voxels, 8 fields
fieldVoxels: max field count is 4 fields, # voxels >5: 0, >10: 0, >20: 0
**************************************************************************
*** G4Exception: Check number of field voxels
***    severity: Warning
***   issued by: BLGlobalField
*** description: nVoxels = 14112, max fields/voxel = 4
***     EventID: -2     TrackID: 1   mu+  KE=123.2 MeV
**************************************************************************
***  Tune and Reference Particles ignore E fields.
***  Tune and Reference Particles ignore Energy loss.
pillbox cavity: Time OK  timeOffset=16.1650 ns, incremented to 16.1650 ns
pillbox cavity: Time OK  timeOffset=17.1055 ns, incremented to 17.1055 ns
pillbox cavity: Time OK  timeOffset=18.0457 ns, incremented to 18.0457 ns
pillbox cavity: Time OK  timeOffset=18.9863 ns, incremented to 18.9863 ns
pillbox cavity: Time OK  timeOffset=19.9279 ns, incremented to 19.9279 ns
***  Tune and Reference Particles ignore E fields.
***  Tune and Reference Particles ignore Energy loss.
pillbox cavity: Time OK  timeOffset=20.8721 ns, incremented to 20.8721 ns
Run complete  1 Events  0 seconds
================== Begin Reference Particle(s) ===============
***  Tune and Reference Particles ignore E fields.
***  Tune and Reference Particles ignore Energy loss.
Run complete  1 Events  0 seconds
================== Prepare Visualization ==================
Stochastic processes are enabled.
Available UI session types: [ Qt, tcsh, csh ]
QStandardPaths: wrong permissions on runtime directory /mnt/wslg/runtime-dir, 0777 instead of 0700
Visualization Manager instantiating with verbosity "warnings (3)"...
Visualization Manager initialising...
Registering graphics systems...

You have successfully registered the following graphics systems.
Registered graphics systems are:
  ASCIITree (ATree)
  DAWNFILE (DAWNFILE)
  G4HepRepFile (HepRepFile)
  RayTracer (RayTracer)
  VRML2FILE (VRML2FILE)
  gMocrenFile (gMocrenFile)
  OpenGLImmediateQt (OGLIQt, OGLI)
  OpenGLStoredQt (OGLSQt, OGL, OGLS)
  OpenGLImmediateX (OGLIX, OGLIQt_FALLBACK)
  OpenGLStoredX (OGLSX, OGLSQt_FALLBACK)
  RayTracerX (RayTracerX)

Registering model factories...

You have successfully registered the following model factories.
Registered model factories:
  generic
  drawByAttribute
  drawByCharge
  drawByOriginVolume
  drawByParticleID
  drawByEncounteredVolume

Registered models:
  None

Registered filter factories:
  attributeFilter
  chargeFilter
  originVolumeFilter
  particleFilter
  encounteredVolumeFilter

Registered filters:
  None

You have successfully registered the following user vis actions.
Run Duration User Vis Actions: none
End of Event User Vis Actions: none
End of Run User Vis Actions: none

Some /vis commands (optionally) take a string to specify colour.
"/vis/list" to see available colours.

Selected visualization viewer: Qt
BLVisManager init: /vis/open OGLSQt
BLVisManager init: /vis/viewer/set/auxiliaryEdge true
BLVisManager init: /vis/viewer/set/style surface
BLVisManager init: /vis/viewer/set/viewpointThetaPhi 0 0 deg
BLVisManager init: /vis/drawVolume
BLVisManager init: /tracking/storeTrajectory 1
BLVisManager init: /vis/scene/add/trajectories
/tracking/storeTrajectory 1
Attributes available for modeling and filtering with
  "/vis/modeling/trajectories/create/drawByAttribute" and
  "/vis/filtering/trajectories/create/attributeFilter" commands:
G4TrajectoriesModel:
  Event ID (EventID): G4int
  Run ID (RunID): G4int
G4Trajectory:
  Charge (Ch): unit: e+ (G4double)
  Track ID (ID): G4int
  Initial kinetic energy (IKE): G4BestUnit (G4double)
  Initial momentum magnitude (IMag): G4BestUnit (G4double)
  Initial momentum (IMom): G4BestUnit (G4ThreeVector)
  No. of points (NTP): G4int
  PDG Encoding (PDG): G4int
  Parent ID (PID): G4int
  Particle Name (PN): G4String
G4TrajectoryPoint:
  Position (Pos): G4BestUnit (G4ThreeVector)
WARNING: Trajectory storing has been requested.  This action may be
  reversed with "/tracking/storeTrajectory 0".
BLVisManager init: /vis/scene/endOfEventAction accumulate -1
WARNING: The vis manager will keep an unlimited number of events.
  This may use a lot of memory.
  It may be changed with, e.g., "/vis/scene/endOfEventAction accumulate 10".
BLVisManager init: /vis/viewer/set/hiddenMarker true


Geant4 User Interface (null)
    /vis/viewer/set/background 1 1 1
WARNING: No extent set for user vis action "DrawMarkers".
WARNING: User Vis Action "DrawMarkers" extent is null.
 Changing export format to "jpg"
WARNING: Viewpoint direction is very close to the up vector direction.
  Change the up vector or "/vis/viewer/set/rotationStyle freeRotation".

Graphics systems deleted.
Visualization Manager deleting...
particlefilter Filter: 0 decays  2 killed

Exceptions: 0 Fatal, 0 Events Aborted, 0 Stuck Tracks (stopped), 2 Warnings
      1 times: Check number of field voxels
      1 times: EM Field Extends Outside World
g4beamline: simulation complete
