G4BL_DIR=/home/incik/G4beamline-3.08
G4LEDATA=/home/incik/Geant4Data/G4EMLOW8.0
G4ENSDFSTATEDATA=/home/incik/Geant4Data/G4ENSDFSTATE2.3
G4PARTICLEXSDATA=/home/incik/Geant4Data/G4PARTICLEXS4.0
G4LEVELGAMMADATA=/home/incik/Geant4Data/PhotonEvaporation5.7
G4RADIOACTIVEDATA=/home/incik/Geant4Data/RadioactiveDecay5.6
G4beamline Process ID 28447

*************************************************************
 g4beamline version: 3.08                        (Aug 11 2022)
                      Copyright : Tom Roberts, Muons, Inc.
                        License : Gnu Public License
                            WWW : http://g4beamline.muonsinc.com

          ################################
          !!! G4Backtrace is activated !!!
          ################################


**************************************************************
 Geant4 version Name: geant4-11-00-patch-02 [MT]   (25-May-2022)
                       Copyright : Geant4 Collaboration
                      References : NIM A 506 (2003), 250-303
                                 : IEEE-TNS 53 (2006), 270-278
                                 : NIM A 835 (2016), 186-225
                             WWW : http://geant4.org/
**************************************************************

param        viewer        best,1
geometry                   nPoints=100 printGeometry=0 visual=0
                           tolerance=0.002
G4PhysListFactory::GetReferencePhysList <QGSP_BERT_EMX>  EMoption= 2
<<< Geant4 Physics List simulation engine: QGSP_BERT

G4VModularPhysicsList::ReplacePhysics: G4EmStandard with type : 2 is replaced with G4EmStandard_opt2

physics      QGSP_BERT_EMX disable= inactivate= deactivate= doStochastics=1
                           fluct=1 minRangeCut=1 list=0 gammaToMuPair=0
                           spinTracking=0 synchrotronRadiation=0
                           synchrotronRadiationMuon=0 maxTime=1e+06
param        first         1
param        last          2000
param        ncells        0
param        pi            3.1415926
param        coilname      coil
param        cell_length   2200
param        solpos        0.21428071133122087
param        coil_length   596.9838479171975
param        coil_radius   450
param        coil_width    225
param        current       32.14509719624864
param        angle         1.5
param        bendpos       0.1
param        dipole        0.058
param        dipole_length 100
param        pipe_radius   230
param        pipe_diameter 460
param        fringe_length 920
param        rf_length     220
param        rf_fre        0.352
param        rf_grad       22.508192486472524
param        rf_ph         32.84244060974717
param        wedge_window_length 0.3
param        rf_window_length 0.1
param        wallthick     0.1
param        half_wedge_length 370
param        pipe_length   439.4
param        wedge_apex    110
param        x_last        2.600925646
param        y_last        -5.9071353
param        x_off         -6.3210911
param        y_off         -11.071213
param        ref_momentum  204
param        pres          35
material H2     Z=1.00 A=1.01
                density=0.003 temperature=273 pressure=35.0
param        cavity_gas    Vacuum
genericbend  solbend       fieldWidth=1000 fieldHeight=1000 fieldLength=100
                           ironWidth=-1 ironHeight=-1 ironLength=-1 By=0.058
                           maxStep=100 fieldMaterial=Vacuum fieldColor=
                           ironMaterial=Fe ironColor=1,1,1 kill=1 fringe=0
                           fringeFactor=1 openAperture=1
fieldexpr fringe_left: Map 30000 points  Max Relative Error = 0.0012
fieldexpr fringe_left: Map 178503 points  Max Relative Error = 0.0003
fieldexpr    fringe_left   factorB=1 factorE=1 timeOffset=0 Bx=
                           By=0.058*((1+exp(5*-z/460)*cos(5*y/460))/(1+2*exp(5*-z/460)*cos(5*y/460)+exp(2*5*-z/460)))
                           Bz=-0.058*exp(5*-z/460)*sin(5*y/460)/(1+2*exp(5*-z/460)*cos(5*y/460)+exp(2*5*-z/460))
                           Br= Bphi= Ex= Ey= Ez= Er= time= nX=3 nY=199 nZ=299
                           nR=11 nT=11 tolerance=0.001 length=920 width=460
                           height=460 radius=-1 tmin=0 tmax=0
fieldexpr fringe_right: Map 30000 points  Max Relative Error = 0.0012
fieldexpr fringe_right: Map 178503 points  Max Relative Error = 0.0003
fieldexpr    fringe_right  factorB=1 factorE=1 timeOffset=0 Bx=
                           By=0.058*((1+exp(5*z/460)*cos(5*y/460))/(1+2*exp(5*z/460)*cos(5*y/460)+exp(2*5*z/460)))
                           Bz=-0.058*exp(5*z/460)*sin(5*y/460)/(1+2*exp(5*z/460)*cos(5*y/460)+exp(2*5*z/460))
                           Br= Bphi= Ex= Ey= Ez= Er= time= nX=3 nY=199 nZ=299
                           nR=11 nT=11 tolerance=0.001 length=920 width=460
                           height=460 radius=-1 tmin=0 tmax=0
coil    coil    innerRadius=450.0 outerRadius=675.0 length=597.0 material=Cu 
		tolerance=0.002 nSheets=0 
		maxR=1350.0 maxZ=2200.0 dR=0.0 dZ=0.0 filename=coil.dat 
coilmap coil    tolerance=0.00200 [fraction of Bz(r=0,z=0)]
coilmap coil    read file 'coil.dat'  dR=16.9 dZ=16.9
solenoid     sol1          coilName=coil current=32.15 color=1,1,1 alternate=0
                           kill=1 coil=coil
solenoid     sol2          coilName=coil current=-32.15 color=1,1,1
                           alternate=0 kill=1 coil=coil
tubs         pipe          innerRadius=230 outerRadius=231 initialPhi=0
                           finalPhi=360 length=439.4 maxStep=100 material=
                           color=1,1,1 kill=1 radius=231
pillbox      cavity        maxGradient=22.51 color=1.0,0.0,0.0 frequency=0.352
                           innerLength=220 innerRadius=326 pipeThick=3
                           wallThick=0.1 irisRadius=230 collarRadialThick=5
                           collarThick=0 win1Thick=0.1 win1OuterRadius=50
                           win2Thick=0.1 winMat=Be phaseAcc=32.84
                           skinDepth=0.002 timingTolerance=0.001 maxStep=100
                           cavityMaterial=Vacuum timeOffset=-4.7e+21
                           timeIncrement=0 fieldMapFile= kill=1
box          wedge_window  height=259.1 width=451.7 length=0.3 maxStep=100
                           material=Be color=1,1,1 kill=0
trap         all_wedge     height=259.1 upperWidth=0.001 lowerWidth=740 Xul=0
                           Xur=0 Xll=0 Xlr=0 length=259.1 maxStep=100
                           material=LH2 color=1,1,1 kill=0
do i=0,0,1
(do i=0)
place   sol1    copies=1 x=0.0 y=0.0 z=471.4 rename='sol_a_0'
place   sol2    copies=1 x=0.0 y=0.0 z=1728.6 rename='sol_b_0'
enddo
do i=0,0,1
(do i=0)
place   solbend copies=1 x=0.0 y=0.0 z=220.0 rename='solbend_a_0'
place   solbend copies=1 x=0.0 y=0.0 z=1980.0 rename='solbend_b_0'
enddo
do i=0,0,1
(do i=0)
place   fringe_left copies=1 x=0.0 y=0.0 z=-290.0 
place   fringe_right copies=1 x=0.0 y=0.0 z=730.0 
place   fringe_left copies=1 x=0.0 y=0.0 z=1470.0 
place   fringe_right copies=1 x=0.0 y=0.0 z=2490.0 
enddo
do i=0,0,1
(do i=0)
place   pipe    copies=1 x=0.0 y=0.0 z=219.7 
place   pipe    copies=1 x=0.0 y=0.0 z=1980.3 
enddo
do i=0,0,1
(do i=0)
place   cavity  copies=1 x=0.0 y=0.0 z=549.5 rename='rf_a_0'
place   cavity  copies=1 x=0.0 y=0.0 z=769.7 rename='rf_b_0'
place   cavity  copies=1 x=0.0 y=0.0 z=989.9 rename='rf_c_0'
place   cavity  copies=1 x=0.0 y=0.0 z=1210.1 rename='rf_d_0'
place   cavity  copies=1 x=0.0 y=0.0 z=1430.3 rename='rf_e_0'
place   cavity  copies=1 x=0.0 y=0.0 z=1650.5 rename='rf_f_0'
enddo
do i=0,0,1
(do i=0)
place   all_wedge copies=1 x=-6.3 y=0.0 z=2200.0 rename='wedge_0'rotation='X90,Y90'
place   all_wedge copies=1 x=-6.3 y=0.0 z=0.0 rename='wedge_0'rotation='X90,Y90'
enddo
do i=0,0,1
(do i=0)
place   wedge_window copies=1 x=-6.3 y=0.0 z=2014.5 rotation='Y-110/2'
                color=1,0,1
place   wedge_window copies=1 x=-6.3 y=0.0 z=2385.5 rotation='Y110/2'
                color=1,0,1
place   wedge_window copies=1 x=-6.3 y=0.0 z=-185.5 rotation='Y-110/2'
                color=1,0,1
place   wedge_window copies=1 x=-6.3 y=0.0 z=185.5 rotation='Y110/2'
                color=1,0,1
enddo
reference                  particle=mu+ beamX=-6.321 beamY=-11.07 beamZ=0
                           beamT=0 rotation= referenceMomentum=204 beamXp=0
                           beamYp=0 meanMomentum=204 meanXp=0 meanYp=0
                           tuneZ=-3.7e+21 tuneMomentum=-3.7e+21
                           tolerance=0.001 noEfield=1 noBfield=1 noEloss=1
                           P=204
beam    ASCII   nEvents=2000 firstEvent=1 lastEvent=2000 beamZ=-3700000000000000000000.0 maxR=1000000.0 renumber=0 weight=1.000000 
		filename=beam_stage1.beam format=BLTrackFile 
		
trackcuts                  kill= keep= killSecondaries=1 kineticEnergyCut=0
                           kineticEnergyMax=1.798e+308 maxTime=1e+06
                           keepPrimaries=0 steppingVerbose=0
trace                      nTrace=1 format=Trace oneNTuple=0 primaryOnly=0
                           traceTune=1 filename=Ev%dTrk%d file=Ev%dTrk%d
                           require= coordinates=Centerline
zntuple                    z= zloop=0:0*2200:2200 noSingles=0 format=for009
                           file=particles_infosinglecellp1.txt
                           filename=particles_infosinglecellp1.txt
                           require=PDGid==-13 referenceParticle=1
                           coordinates=Centerline

World size (before incrementing by 201.357 mm): 1350.0 H  1350.0 W  5900.0 L

PARAMETERS:
            Zcl=370.609
          angle=1.5
        bendpos=0.1
     cavity_gas=Vacuum
    cell_length=2200
    coil_length=596.9838479171975
    coil_radius=450
     coil_width=225
       coilname=coil
        current=32.14509719624864
     deltaChord=3.0
deltaIntersection=0.1
   deltaOneStep=0.01
         dipole=0.058
  dipole_length=100
         epsMax=0.05
         epsMin=2.5e-7
 eventTimeLimit=30
    fieldVoxels=200,200,200
          first=1
  fringe_length=920
half_wedge_length=370
      histoFile=g4beamline
    histoUpdate=0
              i=0
           last=2000
        maxStep=100.0
        minStep=0.01
         ncells=0
             pi=3.1415926
  pipe_diameter=460
    pipe_length=439.4
    pipe_radius=230
           pres=35
   ref_momentum=204
         rf_fre=0.352
        rf_grad=22.508192486472524
      rf_length=220
          rf_ph=32.84244060974717
rf_window_length=0.1
         solpos=0.21428071133122087
 steppingFormat=N GLOBAL CL KE STEP VOL PROCESS
steppingVerbose=0
         viewer=best,1
 wallClockLimit=-1
      wallthick=0.1
     wedge_apex=110
wedge_window_length=0.3
  worldMaterial=Vacuum
         x_last=2.600925646
          x_off=-6.3210911
         y_last=-5.9071353
          y_off=-11.071213
     zTolerance=2.0
Checking overlaps for volume sol_a_0:0 (G4Tubs) ... OK! 
BLCMDsolenoid::Construct sol_a_0 parent= relZ=471.4 globZ=471.4
	global pos=0.0,0.0,471.4  Checking overlaps for volume sol_b_0:0 (G4Tubs) ... OK! 
BLCMDsolenoid::Construct sol_b_0 parent= relZ=1728.6 globZ=1728.6
	global pos=0.0,0.0,1728.6  BLCMDgenericbend::Construct solbend_a_0 parent= relZ=220.0 globZ=220.0
	zmin=170.0 zmax=270.0
BLCMDgenericbend::Construct solbend_b_0 parent= relZ=1980.0 globZ=1980.0
	zmin=1930.0 zmax=2030.0
BLMappedMagnet::Construct fringe_left parent= relZ=-290.0
BLMappedMagnet::Construct fringe_right parent= relZ=730.0
BLMappedMagnet::Construct fringe_left parent= relZ=1470.0
BLMappedMagnet::Construct fringe_right parent= relZ=2490.0
Checking overlaps for volume pipe:0 (G4Tubs) ... OK! 
BLCMDtubs::Construct pipe parent= relZ=219.7 globZ=219.7
	zmin=0.0 zmax=439.4 kill=1
Checking overlaps for volume pipe:0 (G4Tubs) ... OK! 
BLCMDtubs::Construct pipe parent= relZ=1980.3 globZ=1980.3
	zmin=1760.6 zmax=2200.0 kill=1
Checking overlaps for volume rf_a_0Pipe:0 (G4Tubs) ... OK! 
Checking overlaps for volume rf_a_0UsWall:0 (G4Tubs) ... OK! 
Checking overlaps for volume rf_a_0DsWall:0 (G4Tubs) ... OK! 
Checking overlaps for volume rf_a_0UsWin1:0 (G4Tubs) ... OK! 
Checking overlaps for volume rf_a_0DsWin1:0 (G4Tubs) ... OK! 
Checking overlaps for volume rf_a_0UsWin2:0 (G4Tubs) ... OK! 
Checking overlaps for volume rf_a_0DsWin2:0 (G4Tubs) ... OK! 
Checking overlaps for volume rf_a_0DsHalf:0 (G4Tubs) ... OK! 
Checking overlaps for volume rf_a_0TimingVol:0 (G4Tubs) ... OK! 
Checking overlaps for volume rf_a_0:0 (G4Tubs) ... OK! 
BLCMDpillbox::construct rf_a_0 parent= relZ=549.5 globZ=549.5
	zmin=439.4 zmax=659.6
Checking overlaps for volume rf_b_0Pipe:0 (G4Tubs) ... OK! 
Checking overlaps for volume rf_b_0UsWall:0 (G4Tubs) ... OK! 
Checking overlaps for volume rf_b_0DsWall:0 (G4Tubs) ... OK! 
Checking overlaps for volume rf_b_0UsWin1:0 (G4Tubs) ... OK! 
Checking overlaps for volume rf_b_0DsWin1:0 (G4Tubs) ... OK! 
Checking overlaps for volume rf_b_0UsWin2:0 (G4Tubs) ... OK! 
Checking overlaps for volume rf_b_0DsWin2:0 (G4Tubs) ... OK! 
Checking overlaps for volume rf_b_0DsHalf:0 (G4Tubs) ... OK! 
Checking overlaps for volume rf_b_0TimingVol:0 (G4Tubs) ... OK! 
Checking overlaps for volume rf_b_0:0 (G4Tubs) ... OK! 
BLCMDpillbox::construct rf_b_0 parent= relZ=769.7 globZ=769.7
	zmin=659.6 zmax=879.8
Checking overlaps for volume rf_c_0Pipe:0 (G4Tubs) ... OK! 
Checking overlaps for volume rf_c_0UsWall:0 (G4Tubs) ... OK! 
Checking overlaps for volume rf_c_0DsWall:0 (G4Tubs) ... OK! 
Checking overlaps for volume rf_c_0UsWin1:0 (G4Tubs) ... OK! 
Checking overlaps for volume rf_c_0DsWin1:0 (G4Tubs) ... OK! 
Checking overlaps for volume rf_c_0UsWin2:0 (G4Tubs) ... OK! 
Checking overlaps for volume rf_c_0DsWin2:0 (G4Tubs) ... OK! 
Checking overlaps for volume rf_c_0DsHalf:0 (G4Tubs) ... OK! 
Checking overlaps for volume rf_c_0TimingVol:0 (G4Tubs) ... OK! 
Checking overlaps for volume rf_c_0:0 (G4Tubs) ... OK! 
BLCMDpillbox::construct rf_c_0 parent= relZ=989.9 globZ=989.9
	zmin=879.8 zmax=1100.0
Checking overlaps for volume rf_d_0Pipe:0 (G4Tubs) ... OK! 
Checking overlaps for volume rf_d_0UsWall:0 (G4Tubs) ... OK! 
Checking overlaps for volume rf_d_0DsWall:0 (G4Tubs) ... OK! 
Checking overlaps for volume rf_d_0UsWin1:0 (G4Tubs) ... OK! 
Checking overlaps for volume rf_d_0DsWin1:0 (G4Tubs) ... OK! 
Checking overlaps for volume rf_d_0UsWin2:0 (G4Tubs) ... OK! 
Checking overlaps for volume rf_d_0DsWin2:0 (G4Tubs) ... OK! 
Checking overlaps for volume rf_d_0DsHalf:0 (G4Tubs) ... OK! 
Checking overlaps for volume rf_d_0TimingVol:0 (G4Tubs) ... OK! 
Checking overlaps for volume rf_d_0:0 (G4Tubs) ... OK! 
BLCMDpillbox::construct rf_d_0 parent= relZ=1210.1 globZ=1210.1
	zmin=1100.0 zmax=1320.2
Checking overlaps for volume rf_e_0Pipe:0 (G4Tubs) ... OK! 
Checking overlaps for volume rf_e_0UsWall:0 (G4Tubs) ... OK! 
Checking overlaps for volume rf_e_0DsWall:0 (G4Tubs) ... OK! 
Checking overlaps for volume rf_e_0UsWin1:0 (G4Tubs) ... OK! 
Checking overlaps for volume rf_e_0DsWin1:0 (G4Tubs) ... OK! 
Checking overlaps for volume rf_e_0UsWin2:0 (G4Tubs) ... OK! 
Checking overlaps for volume rf_e_0DsWin2:0 (G4Tubs) ... OK! 
Checking overlaps for volume rf_e_0DsHalf:0 (G4Tubs) ... OK! 
Checking overlaps for volume rf_e_0TimingVol:0 (G4Tubs) ... OK! 
Checking overlaps for volume rf_e_0:0 (G4Tubs) ... OK! 
BLCMDpillbox::construct rf_e_0 parent= relZ=1430.3 globZ=1430.3
	zmin=1320.2 zmax=1540.4
Checking overlaps for volume rf_f_0Pipe:0 (G4Tubs) ... OK! 
Checking overlaps for volume rf_f_0UsWall:0 (G4Tubs) ... OK! 
Checking overlaps for volume rf_f_0DsWall:0 (G4Tubs) ... OK! 
Checking overlaps for volume rf_f_0UsWin1:0 (G4Tubs) ... OK! 
Checking overlaps for volume rf_f_0DsWin1:0 (G4Tubs) ... OK! 
Checking overlaps for volume rf_f_0UsWin2:0 (G4Tubs) ... OK! 
Checking overlaps for volume rf_f_0DsWin2:0 (G4Tubs) ... OK! 
Checking overlaps for volume rf_f_0DsHalf:0 (G4Tubs) ... OK! 
Checking overlaps for volume rf_f_0TimingVol:0 (G4Tubs) ... OK! 
Checking overlaps for volume rf_f_0:0 (G4Tubs) ... OK! 
BLCMDpillbox::construct rf_f_0 parent= relZ=1650.5 globZ=1650.5
	zmin=1540.4 zmax=1760.6
Checking overlaps for volume wedge_0:0 (G4Trap) ... OK! 
BLCMDtrap::Construct wedge_0 parent= relZ=2200.0 globZ=2200.0
	zmin=2070.5 zmax=2329.5 kill=0
Checking overlaps for volume wedge_0:0 (G4Trap) ... OK! 
BLCMDtrap::Construct wedge_0 parent= relZ=0.0 globZ=0.0
	zmin=-129.5 zmax=129.5 kill=0
Checking overlaps for volume wedge_window:0 (G4Box) ... OK! 
BLCMDbox::Construct wedge_window parent= relZ=2014.5 globZ=2014.5
	zmin=2014.3 zmax=2014.6
Checking overlaps for volume wedge_window:0 (G4Box) ... OK! 
BLCMDbox::Construct wedge_window parent= relZ=2385.5 globZ=2385.5
	zmin=2385.4 zmax=2385.7
Checking overlaps for volume wedge_window:0 (G4Box) ... OK! 
BLCMDbox::Construct wedge_window parent= relZ=-185.5 globZ=-185.5
	zmin=-185.7 zmax=-185.4
Checking overlaps for volume wedge_window:0 (G4Box) ... OK! 
BLCMDbox::Construct wedge_window parent= relZ=185.5 globZ=185.5
	zmin=185.4 zmax=185.7
### Adding tracking cuts for neutron  TimeCut(ns)= 10000  KinEnergyCut(MeV)= 0

Geometry test nPoints=100 tolerance=0.002 mm:
Testing geometry for children of group 'World':
Total geometry errors = 0  0 seconds

================= Prepare Tune Particle(s) ===========
================= Begin Tune Particle(s) =============
***  Tune and Reference Particles ignore E fields.
***  Tune and Reference Particles ignore B fields.
***  Tune and Reference Particles ignore Energy loss.
**************************************************************************
*** G4Exception: EM Field Extends Outside World
***    severity: Warning
***   issued by: BLGlobalField
*** description: May give inaccurate tracking near world boundary.
***     EventID: -2     TrackID: 1   mu+  KE=124.1 MeV
**************************************************************************
fieldVoxels: nx=10 ny=10 nz=25, 2500 voxels, 14 fields
fieldVoxels: max field count is 6 fields, # voxels >5: 32, >10: 0, >20: 0
**************************************************************************
*** G4Exception: Check number of field voxels
***    severity: Warning
***   issued by: BLGlobalField
*** description: nVoxels = 2500, max fields/voxel = 6
***     EventID: -2     TrackID: 1   mu+  KE=124.1 MeV
**************************************************************************
pillbox rf_a_0: Time OK  timeOffset=2.5152 ns, incremented to 2.5152 ns
pillbox rf_b_0: Time OK  timeOffset=3.3424 ns, incremented to 3.3424 ns
pillbox rf_c_0: Time OK  timeOffset=4.1696 ns, incremented to 4.1696 ns
pillbox rf_d_0: Time OK  timeOffset=4.9968 ns, incremented to 4.9968 ns
pillbox rf_e_0: Time OK  timeOffset=5.8240 ns, incremented to 5.8240 ns
pillbox rf_f_0: Time OK  timeOffset=6.6511 ns, incremented to 6.6511 ns
Run complete  1 Events  0 seconds
================== Begin Reference Particle(s) ===============
***  Tune and Reference Particles ignore E fields.
***  Tune and Reference Particles ignore B fields.
***  Tune and Reference Particles ignore Energy loss.
Run complete  1 Events  0 seconds
================== Prepare Visualization ==================
Stochastic processes are enabled.
Available UI session types: [ Qt, tcsh, csh ]
QStandardPaths: wrong permissions on runtime directory /mnt/wslg/runtime-dir, 0777 instead of 0700
Visualization Manager instantiating with verbosity "warnings (3)"...
Visualization Manager initialising...
Registering graphics systems...

You have successfully registered the following graphics systems.
Registered graphics systems are:
  ASCIITree (ATree)
  DAWNFILE (DAWNFILE)
  G4HepRepFile (HepRepFile)
  RayTracer (RayTracer)
  VRML2FILE (VRML2FILE)
  gMocrenFile (gMocrenFile)
  OpenGLImmediateQt (OGLIQt, OGLI)
  OpenGLStoredQt (OGLSQt, OGL, OGLS)
  OpenGLImmediateX (OGLIX, OGLIQt_FALLBACK)
  OpenGLStoredX (OGLSX, OGLSQt_FALLBACK)
  RayTracerX (RayTracerX)

Registering model factories...

You have successfully registered the following model factories.
Registered model factories:
  generic
  drawByAttribute
  drawByCharge
  drawByOriginVolume
  drawByParticleID
  drawByEncounteredVolume

Registered models:
  None

Registered filter factories:
  attributeFilter
  chargeFilter
  originVolumeFilter
  particleFilter
  encounteredVolumeFilter

Registered filters:
  None

You have successfully registered the following user vis actions.
Run Duration User Vis Actions: none
End of Event User Vis Actions: none
End of Run User Vis Actions: none

Some /vis commands (optionally) take a string to specify colour.
"/vis/list" to see available colours.

Selected visualization viewer: Qt
BLVisManager init: /vis/open OGLSQt
BLVisManager init: /vis/viewer/set/auxiliaryEdge true
BLVisManager init: /vis/viewer/set/style surface
BLVisManager init: /vis/viewer/set/viewpointThetaPhi 0 0 deg
BLVisManager init: /vis/drawVolume
BLVisManager init: /tracking/storeTrajectory 1
BLVisManager init: /vis/scene/add/trajectories
/tracking/storeTrajectory 1
Attributes available for modeling and filtering with
  "/vis/modeling/trajectories/create/drawByAttribute" and
  "/vis/filtering/trajectories/create/attributeFilter" commands:
G4TrajectoriesModel:
  Event ID (EventID): G4int
  Run ID (RunID): G4int
G4Trajectory:
  Charge (Ch): unit: e+ (G4double)
  Track ID (ID): G4int
  Initial kinetic energy (IKE): G4BestUnit (G4double)
  Initial momentum magnitude (IMag): G4BestUnit (G4double)
  Initial momentum (IMom): G4BestUnit (G4ThreeVector)
  No. of points (NTP): G4int
  PDG Encoding (PDG): G4int
  Parent ID (PID): G4int
  Particle Name (PN): G4String
G4TrajectoryPoint:
  Position (Pos): G4BestUnit (G4ThreeVector)
WARNING: Trajectory storing has been requested.  This action may be
  reversed with "/tracking/storeTrajectory 0".
BLVisManager init: /vis/scene/endOfEventAction accumulate -1
WARNING: The vis manager will keep an unlimited number of events.
  This may use a lot of memory.
  It may be changed with, e.g., "/vis/scene/endOfEventAction accumulate 10".
BLVisManager init: /vis/viewer/set/hiddenMarker true

WARNING: No extent set for user vis action "DrawMarkers".
WARNING: User Vis Action "DrawMarkers" extent is null.
 Changing export format to "jpg"

Graphics systems deleted.
Visualization Manager deleting...

Exceptions: 0 Fatal, 0 Events Aborted, 0 Stuck Tracks (stopped), 2 Warnings
      1 times: Check number of field voxels
      1 times: EM Field Extends Outside World
g4beamline: simulation complete
